[23:10 edu@ubuntu hooks] > python run_usb_spawn.py
pid: 7846
[*] Intercepting ...
[!] Received: [Placing native hooks....]
[!] Received: [arch: arm64]
[!] Received: [Done with native hooks....]
[!] Received: [strstr(frida) was patched!! 77e5d48000-77e6cfb000 r-xp 00000000 fd:00 752205                         /data/local/tmp/re.frida.server/frida-agent-64.so]
[!] Received: [strstr(frida) was patched!! 77e5d48000-77e6cfb000 r-xp 00000000 fd:00 752205                         /data/local/tmp/re.frida.server/frida-agent-64.so]
[!] Received: [strstr(frida) was patched!! 77e6cfc000-77e6d8e000 r--p 00fb3000 fd:00 752205                         /data/local/tmp/re.frida.server/frida-agent-64.so]
[!] Received: [strstr(frida) was patched!! 77e6cfc000-77e6d8e000 r--p 00fb3000 fd:00 752205                         /data/local/tmp/re.frida.server/frida-agent-64.so]
[!] Received: [strstr(frida) was patched!! 77e6d8e000-77e6def000 rw-p 01045000 fd:00 752205                         /data/local/tmp/re.frida.server/frida-agent-64.so]
[!] Received: [strstr(frida) was patched!! 77e6d8e000-77e6def000 rw-p 01045000 fd:00 752205                         /data/local/tmp/re.frida.server/frida-agent-64.so]
[!] Received: [strstr(frida) was patched!! 77ff497000-77ff567000 r-xp 00000000 fd:00 752212                         /data/local/tmp/re.frida.server/frida-loader-64.so]
[!] Received: [strstr(frida) was patched!! 77ff497000-77ff567000 r-xp 00000000 fd:00 752212                         /data/local/tmp/re.frida.server/frida-loader-64.so]
[!] Received: [strstr(frida) was patched!! 77ff568000-77ff596000 r--p 000d0000 fd:00 752212                         /data/local/tmp/re.frida.server/frida-loader-64.so]
[!] Received: [strstr(frida) was patched!! 77ff568000-77ff596000 r--p 000d0000 fd:00 752212                         /data/local/tmp/re.frida.server/frida-loader-64.so]
[!] Received: [strstr(frida) was patched!! 77ff596000-77ff5f0000 rw-p 000fe000 fd:00 752212                         /data/local/tmp/re.frida.server/frida-loader-64.so]
[!] Received: [strstr(frida) was patched!! 77ff596000-77ff5f0000 rw-p 000fe000 fd:00 752212                         /data/local/tmp/re.frida.server/frida-loader-64.so]
[!] Received: [strstr(frida) was patched!! 77e5d48000-77e6cfb000 r-xp 00000000 fd:00 752205                         /data/local/tmp/re.frida.server/frida-agent-64.so]
[!] Received: [strstr(frida) was patched!! 77e5d48000-77e6cfb000 r-xp 00000000 fd:00 752205                         /data/local/tmp/re.frida.server/frida-agent-64.so]
[!] Received: [strstr(frida) was patched!! 77e6cfc000-77e6d8e000 r--p 00fb3000 fd:00 752205                         /data/local/tmp/re.frida.server/frida-agent-64.so]
[!] Received: [strstr(frida) was patched!! 77e6cfc000-77e6d8e000 r--p 00fb3000 fd:00 752205                         /data/local/tmp/re.frida.server/frida-agent-64.so]
[!] Received: [strstr(frida) was patched!! 77e6d8e000-77e6def000 rw-p 01045000 fd:00 752205                         /data/local/tmp/re.frida.server/frida-agent-64.so]
[!] Received: [strstr(frida) was patched!! 77e6d8e000-77e6def000 rw-p 01045000 fd:00 752205                         /data/local/tmp/re.frida.server/frida-agent-64.so]
[!] Received: [strstr(frida) was patched!! 77ff497000-77ff567000 r-xp 00000000 fd:00 752212                         /data/local/tmp/re.frida.server/frida-loader-64.so]
[!] Received: [strstr(frida) was patched!! 77ff497000-77ff567000 r-xp 00000000 fd:00 752212                         /data/local/tmp/re.frida.server/frida-loader-64.so]
[!] Received: [strstr(frida) was patched!! 77ff568000-77ff596000 r--p 000d0000 fd:00 752212                         /data/local/tmp/re.frida.server/frida-loader-64.so]
[!] Received: [strstr(frida) was patched!! 77ff568000-77ff596000 r--p 000d0000 fd:00 752212                         /data/local/tmp/re.frida.server/frida-loader-64.so]
[!] Received: [strstr(frida) was patched!! 77ff596000-77ff5f0000 rw-p 000fe000 fd:00 752212                         /data/local/tmp/re.frida.server/frida-loader-64.so]
[!] Received: [strstr(frida) was patched!! 77ff596000-77ff5f0000 rw-p 000fe000 fd:00 752212                         /data/local/tmp/re.frida.server/frida-loader-64.so]
[!] Received: [strstr(frida) was patched!! 77e5d48000-77e6cfb000 r-xp 00000000 fd:00 752205                         /data/local/tmp/re.frida.server/frida-agent-64.so]
[!] Received: [strstr(frida) was patched!! 77e5d48000-77e6cfb000 r-xp 00000000 fd:00 752205                         /data/local/tmp/re.frida.server/frida-agent-64.so]
[!] Received: [strstr(frida) was patched!! 77e6cfc000-77e6d8e000 r--p 00fb3000 fd:00 752205                         /data/local/tmp/re.frida.server/frida-agent-64.so]
[!] Received: [strstr(frida) was patched!! 77e6cfc000-77e6d8e000 r--p 00fb3000 fd:00 752205                         /data/local/tmp/re.frida.server/frida-agent-64.so]
[!] Received: [strstr(frida) was patched!! 77e6d8e000-77e6def000 rw-p 01045000 fd:00 752205                         /data/local/tmp/re.frida.server/frida-agent-64.so]
[!] Received: [strstr(frida) was patched!! 77e6d8e000-77e6def000 rw-p 01045000 fd:00 752205                         /data/local/tmp/re.frida.server/frida-agent-64.so]
[!] Received: [strstr(frida) was patched!! 77ff497000-77ff567000 r-xp 00000000 fd:00 752212                         /data/local/tmp/re.frida.server/frida-loader-64.so]
[!] Received: [strstr(frida) was patched!! 77ff497000-77ff567000 r-xp 00000000 fd:00 752212                         /data/local/tmp/re.frida.server/frida-loader-64.so]
[!] Received: [strstr(frida) was patched!! 77ff568000-77ff596000 r--p 000d0000 fd:00 752212                         /data/local/tmp/re.frida.server/frida-loader-64.so]
[!] Received: [strstr(frida) was patched!! 77ff568000-77ff596000 r--p 000d0000 fd:00 752212                         /data/local/tmp/re.frida.server/frida-loader-64.so]
[!] Received: [strstr(frida) was patched!! 77ff596000-77ff5f0000 rw-p 000fe000 fd:00 752212                         /data/local/tmp/re.frida.server/frida-loader-64.so]
[!] Received: [strstr(frida) was patched!! 77ff596000-77ff5f0000 rw-p 000fe000 fd:00 752212                         /data/local/tmp/re.frida.server/frida-loader-64.so]
[!] Received: [strstr(frida) was patched!! 77e5d48000-77e6cfb000 r-xp 00000000 fd:00 752205                         /data/local/tmp/re.frida.server/frida-agent-64.so]
[!] Received: [strstr(frida) was patched!! 77e5d48000-77e6cfb000 r-xp 00000000 fd:00 752205                         /data/local/tmp/re.frida.server/frida-agent-64.so]
[!] Received: [strstr(frida) was patched!! 77e6cfc000-77e6d8e000 r--p 00fb3000 fd:00 752205                         /data/local/tmp/re.frida.server/frida-agent-64.so]
 